SF:lib/src/lyfe_cicle/state_parent.dart
DA:5,0
DA:9,0
DA:10,0
DA:11,0
DA:13,0
DA:15,0
DA:16,0
DA:17,0
DA:24,0
DA:25,0
DA:30,0
DA:32,0
DA:33,0
DA:36,0
DA:38,0
DA:39,0
DA:40,0
DA:42,0
DA:45,0
DA:47,0
DA:49,0
DA:52,0
DA:54,0
DA:55,0
DA:58,0
DA:60,0
DA:61,0
DA:62,0
DA:68,0
LF:29
LH:0
end_of_record
SF:lib/src/lyfe_cicle/state_widget.dart
DA:4,1
DA:8,3
DA:10,1
DA:11,1
DA:18,3
DA:22,2
DA:23,3
DA:26,1
DA:28,1
DA:29,1
DA:32,1
DA:34,1
DA:35,1
DA:38,0
DA:40,0
DA:41,0
DA:44,1
DA:46,1
DA:47,1
DA:48,2
DA:49,1
DA:50,1
DA:51,2
DA:55,1
DA:58,1
DA:59,1
DA:61,1
DA:62,2
LF:28
LH:25
end_of_record
SF:lib/src/lyfe_cicle/state_controller.dart
DA:7,0
DA:11,0
DA:14,1
DA:17,1
DA:18,0
DA:23,1
DA:27,0
DA:28,0
DA:30,1
DA:33,0
DA:34,1
LF:11
LH:5
end_of_record
SF:lib/src/rx/rx_notifier.dart
DA:4,6
DA:8,4
DA:12,0
DA:13,0
DA:14,0
DA:16,0
DA:19,2
DA:21,2
DA:23,6
DA:26,0
DA:27,0
DA:36,3
DA:38,6
DA:40,3
DA:43,3
DA:45,3
DA:46,6
DA:49,1
DA:50,2
DA:52,0
DA:53,0
DA:54,0
DA:55,0
DA:59,0
DA:60,0
DA:61,0
DA:65,0
DA:66,0
DA:67,0
DA:71,0
DA:73,0
DA:74,0
DA:75,0
DA:76,0
DA:77,0
DA:80,0
DA:86,2
DA:87,4
DA:89,0
DA:91,1
DA:93,1
DA:94,1
DA:95,0
DA:97,2
DA:98,0
DA:100,2
DA:101,1
LF:47
LH:21
end_of_record
SF:lib/src/widgets/rx_widget.dart
DA:7,2
DA:11,2
DA:13,2
DA:14,2
DA:20,2
DA:22,2
DA:23,8
DA:24,8
DA:27,0
DA:29,0
DA:30,0
DA:31,0
DA:33,0
DA:36,2
DA:37,8
DA:39,2
DA:41,8
DA:42,2
DA:45,14
LF:19
LH:14
end_of_record
SF:lib/src/rx/iterables/rx_list.dart
DA:4,2
DA:6,0
DA:7,0
DA:9,0
DA:11,0
DA:12,0
DA:15,1
DA:17,2
DA:18,1
DA:21,1
DA:23,2
DA:24,1
DA:28,0
DA:30,0
DA:31,0
DA:34,1
DA:36,2
DA:37,1
DA:40,0
DA:42,0
DA:43,0
DA:46,0
DA:47,0
DA:48,0
DA:54,1
DA:55,2
DA:57,0
DA:59,0
DA:60,0
DA:65,0
DA:66,0
DA:67,0
LF:32
LH:12
end_of_record
SF:lib/src/rx/primitives/rx_bool.dart
DA:4,0
DA:10,0
DA:16,0
DA:22,0
DA:25,0
DA:27,0
DA:30,0
DA:33,0
DA:34,0
DA:38,0
DA:39,0
DA:40,0
DA:43,0
DA:44,0
LF:14
LH:0
end_of_record
SF:lib/src/rx/extensions/extensions.dart
DA:4,4
DA:8,0
DA:12,2
LF:3
LH:2
end_of_record
SF:lib/src/utils/extension.dart
DA:5,0
DA:8,0
LF:2
LH:0
end_of_record
